<html>
<head>
<title>TestNG:  ExtentReport5 for Cucumber7</title>
<link href="../testng.css" rel="stylesheet" type="text/css" />
<link href="../my-testng.css" rel="stylesheet" type="text/css" />

<style type="text/css">
.log { display: none;} 
.stack-trace { display: none;} 
</style>
<script type="text/javascript">
<!--
function flip(e) {
  current = e.style.display;
  if (current == 'block') {
    e.style.display = 'none';
    return 0;
  }
  else {
    e.style.display = 'block';
    return 1;
  }
}

function toggleBox(szDivId, elem, msg1, msg2)
{
  var res = -1;  if (document.getElementById) {
    res = flip(document.getElementById(szDivId));
  }
  else if (document.all) {
    // this is the way old msie versions work
    res = flip(document.all[szDivId]);
  }
  if(elem) {
    if(res == 0) elem.innerHTML = msg1; else elem.innerHTML = msg2;
  }

}

function toggleAllBoxes() {
  if (document.getElementsByTagName) {
    d = document.getElementsByTagName('div');
    for (i = 0; i < d.length; i++) {
      if (d[i].className == 'log') {
        flip(d[i]);
      }
    }
  }
}

// -->
</script>

</head>
<body>
<h2 align='center'>ExtentReport5 for Cucumber7</h2><table border='1' align="center">
<tr>
<td>Tests passed/Failed/Skipped:</td><td>3/1/0</td>
</tr><tr>
<td>Started on:</td><td>Sat Jun 15 14:17:46 IST 2024</td>
</tr>
<tr><td>Total time:</td><td>144 seconds (144085 ms)</td>
</tr><tr>
<td>Included groups:</td><td></td>
</tr><tr>
<td>Excluded groups:</td><td></td>
</tr>
</table><p/>
<small><i>(Hover the method name to see the test class name)</i></small><p/>
<table width='100%' border='1' class='invocation-failed'>
<tr><td colspan='4' align='center'><b>FAILED TESTS</b></td></tr>
<tr><td><b>Test method</b></td>
<td width="30%"><b>Exception</b></td>
<td width="10%"><b>Time (seconds)</b></td>
<td><b>Instance</b></td>
</tr>
<tr>
<td title='com.urbanladder.runner.UrbanTestRunner.runScenario()'><b>runScenario</b><br>Test class: com.urbanladder.runner.UrbanTestRunner<br>Test method: Runs Cucumber Scenarios<br>Parameters: "Search BookShelves and Display the Results", "BookShelf Page Scenarios"</td>
<td><div><pre>org.openqa.selenium.ElementNotInteractableException: element not interactable
  (Session info: chrome=123.0.6312.59)
Build info: version: &apos;4.18.1&apos;, revision: &apos;b1d3319b48&apos;
System info: os.name: &apos;Windows 11&apos;, os.arch: &apos;amd64&apos;, os.version: &apos;10.0&apos;, java.version: &apos;17.0.9&apos;
Driver info: org.openqa.selenium.chrome.ChromeDriver
Command: [a9ac6e6c4bfcfb4011e26e38b99d465f, clickElement {id=f.AB75C5440E1B70D7A066DA9C0A361988.d.FF152FC57F45ABC695D110F27B363A97.e.88}]
Capabilities {acceptInsecureCerts: false, browserName: chrome, browserVersion: 123.0.6312.59, chrome: {chromedriverVersion: 123.0.6312.122 (31f8248cdd9..., userDataDir: C:\WINDOWS\SystemTemp\scope...}, fedcm:accounts: true, goog:chromeOptions: {debuggerAddress: localhost:60291}, networkConnectionEnabled: false, pageLoadStrategy: normal, platformName: windows, proxy: Proxy(), se:cdp: ws://localhost:60291/devtoo..., se:cdpVersion: 123.0.6312.59, setWindowRect: true, strictFileInteractability: false, timeouts: {implicit: 0, pageLoad: 300000, script: 30000}, unhandledPromptBehavior: dismiss and notify, webauthn:extension:credBlob: true, webauthn:extension:largeBlob: true, webauthn:extension:minPinLength: true, webauthn:extension:prf: true, webauthn:virtualAuthenticators: true}
Element: [[ChromeDriver: chrome on windows (a9ac6e6c4bfcfb4011e26e38b99d465f)] -&gt; id: filters_primary_category_Wall_Shelves]
Session ID: a9ac6e6c4bfcfb4011e26e38b99d465f
	at org.openqa.selenium.remote.ErrorCodec.decode(ErrorCodec.java:167)
	at org.openqa.selenium.remote.codec.w3c.W3CHttpResponseCodec.decode(W3CHttpResponseCodec.java:138)
	at org.openqa.selenium.remote.codec.w3c.W3CHttpResponseCodec.decode(W3CHttpResponseCodec.java:50)
	at org.openqa.selenium.remote.HttpCommandExecutor.execute(HttpCommandExecutor.java:190)
	at org.openqa.selenium.remote.service.DriverCommandExecutor.invokeExecute(DriverCommandExecutor.java:216)
	at org.openqa.selenium.remote.service.DriverCommandExecutor.execute(DriverCommandExecutor.java:174)
	at org.openqa.selenium.remote.RemoteWebDriver.execute(RemoteWebDriver.java:519)
	at org.openqa.selenium.remote.RemoteWebElement.execute(RemoteWebElement.java:223)
	at org.openqa.selenium.remote.RemoteWebElement.click(RemoteWebElement.java:76)
	at org.openqa.selenium.support.pagefactory.internal.LocatingElementHandler.invoke(LocatingElementHandler.java:51)
	at jdk.proxy2/jdk.proxy2.$Proxy27.click(Unknown Source)
	at com.urbanladder.actions.BookshelvesPageActions.ClickItems(BookshelvesPageActions.java:83)
	at com.urbanladder.definitions.BookShelvesDefinitions.select_anyone_category_like_wall_shelves_kid_bookshelves_study_tables_etc(BookShelvesDefinitions.java:41)
	at ✽.Select anyone Category (like Wall Shelves / Kid Bookshelves / Study Tables, etc)(file:///C:/Users/2320232/eclipse-workspace/Book_self_Project-master%20(1)%201/Book_self_Project-master/src/test/resources/features/fea2.feature:6)
... Removed 9 stack frames</pre></div><a href='#' onClick='toggleBox("stack-trace872340040", this, "Click to show all stack frames", "Click to hide stack frames")'>Click to show all stack frames</a>
<div class='stack-trace' id='stack-trace872340040'><pre>org.openqa.selenium.ElementNotInteractableException: element not interactable
  (Session info: chrome=123.0.6312.59)
Build info: version: &apos;4.18.1&apos;, revision: &apos;b1d3319b48&apos;
System info: os.name: &apos;Windows 11&apos;, os.arch: &apos;amd64&apos;, os.version: &apos;10.0&apos;, java.version: &apos;17.0.9&apos;
Driver info: org.openqa.selenium.chrome.ChromeDriver
Command: [a9ac6e6c4bfcfb4011e26e38b99d465f, clickElement {id=f.AB75C5440E1B70D7A066DA9C0A361988.d.FF152FC57F45ABC695D110F27B363A97.e.88}]
Capabilities {acceptInsecureCerts: false, browserName: chrome, browserVersion: 123.0.6312.59, chrome: {chromedriverVersion: 123.0.6312.122 (31f8248cdd9..., userDataDir: C:\WINDOWS\SystemTemp\scope...}, fedcm:accounts: true, goog:chromeOptions: {debuggerAddress: localhost:60291}, networkConnectionEnabled: false, pageLoadStrategy: normal, platformName: windows, proxy: Proxy(), se:cdp: ws://localhost:60291/devtoo..., se:cdpVersion: 123.0.6312.59, setWindowRect: true, strictFileInteractability: false, timeouts: {implicit: 0, pageLoad: 300000, script: 30000}, unhandledPromptBehavior: dismiss and notify, webauthn:extension:credBlob: true, webauthn:extension:largeBlob: true, webauthn:extension:minPinLength: true, webauthn:extension:prf: true, webauthn:virtualAuthenticators: true}
Element: [[ChromeDriver: chrome on windows (a9ac6e6c4bfcfb4011e26e38b99d465f)] -&gt; id: filters_primary_category_Wall_Shelves]
Session ID: a9ac6e6c4bfcfb4011e26e38b99d465f
	at java.base/jdk.internal.reflect.NativeConstructorAccessorImpl.newInstance0(Native Method)
	at java.base/jdk.internal.reflect.NativeConstructorAccessorImpl.newInstance(NativeConstructorAccessorImpl.java:77)
	at java.base/jdk.internal.reflect.DelegatingConstructorAccessorImpl.newInstance(DelegatingConstructorAccessorImpl.java:45)
	at java.base/java.lang.reflect.Constructor.newInstanceWithCaller(Constructor.java:499)
	at java.base/java.lang.reflect.Constructor.newInstance(Constructor.java:480)
	at org.openqa.selenium.remote.ErrorCodec.decode(ErrorCodec.java:167)
	at org.openqa.selenium.remote.codec.w3c.W3CHttpResponseCodec.decode(W3CHttpResponseCodec.java:138)
	at org.openqa.selenium.remote.codec.w3c.W3CHttpResponseCodec.decode(W3CHttpResponseCodec.java:50)
	at org.openqa.selenium.remote.HttpCommandExecutor.execute(HttpCommandExecutor.java:190)
	at org.openqa.selenium.remote.service.DriverCommandExecutor.invokeExecute(DriverCommandExecutor.java:216)
	at org.openqa.selenium.remote.service.DriverCommandExecutor.execute(DriverCommandExecutor.java:174)
	at org.openqa.selenium.remote.RemoteWebDriver.execute(RemoteWebDriver.java:519)
	at org.openqa.selenium.remote.RemoteWebElement.execute(RemoteWebElement.java:223)
	at org.openqa.selenium.remote.RemoteWebElement.click(RemoteWebElement.java:76)
	at java.base/jdk.internal.reflect.NativeMethodAccessorImpl.invoke0(Native Method)
	at java.base/jdk.internal.reflect.NativeMethodAccessorImpl.invoke(NativeMethodAccessorImpl.java:77)
	at java.base/jdk.internal.reflect.DelegatingMethodAccessorImpl.invoke(DelegatingMethodAccessorImpl.java:43)
	at java.base/java.lang.reflect.Method.invoke(Method.java:568)
	at org.openqa.selenium.support.pagefactory.internal.LocatingElementHandler.invoke(LocatingElementHandler.java:51)
	at jdk.proxy2/jdk.proxy2.$Proxy27.click(Unknown Source)
	at com.urbanladder.actions.BookshelvesPageActions.ClickItems(BookshelvesPageActions.java:83)
	at com.urbanladder.definitions.BookShelvesDefinitions.select_anyone_category_like_wall_shelves_kid_bookshelves_study_tables_etc(BookShelvesDefinitions.java:41)
	at ✽.Select anyone Category (like Wall Shelves / Kid Bookshelves / Study Tables, etc)(file:///C:/Users/2320232/eclipse-workspace/Book_self_Project-master%20(1)%201/Book_self_Project-master/src/test/resources/features/fea2.feature:6)
</pre></div></td>
<td>69</td>
<td>com.urbanladder.runner.UrbanTestRunner@3e27ba32</td></tr>
</table><p>
<table width='100%' border='1' class='invocation-passed'>
<tr><td colspan='4' align='center'><b>PASSED TESTS</b></td></tr>
<tr><td><b>Test method</b></td>
<td width="30%"><b>Exception</b></td>
<td width="10%"><b>Time (seconds)</b></td>
<td><b>Instance</b></td>
</tr>
<tr>
<td title='com.urbanladder.runner.UrbanTestRunner.runScenario()'><b>runScenario</b><br>Test class: com.urbanladder.runner.UrbanTestRunner<br>Test method: Runs Cucumber Scenarios<br>Parameters: "Enter Gift Card Details", "Gift-Card Page Scenarios"</td>
<td></td>
<td>18</td>
<td>com.urbanladder.runner.UrbanTestRunner@3e27ba32</td></tr>
<tr>
<td title='com.urbanladder.runner.UrbanTestRunner.runScenario()'><b>runScenario</b><br>Test class: com.urbanladder.runner.UrbanTestRunner<br>Test method: Runs Cucumber Scenarios<br>Parameters: "Enter Gift Card Details", "Gift-Card Page Scenarios"</td>
<td></td>
<td>19</td>
<td>com.urbanladder.runner.UrbanTestRunner@3e27ba32</td></tr>
<tr>
<td title='com.urbanladder.runner.UrbanTestRunner.runScenario()'><b>runScenario</b><br>Test class: com.urbanladder.runner.UrbanTestRunner<br>Test method: Runs Cucumber Scenarios<br>Parameters: "Search for bookshelve", "Home page scenarios"</td>
<td></td>
<td>9</td>
<td>com.urbanladder.runner.UrbanTestRunner@3e27ba32</td></tr>
</table><p>
</body>
</html>